INFO [2014-02-20 16:45:05] 

--------------------------------------------------


INFO [2014-02-20 16:45:05] ** Starting AWR-Miner ** 
INFO [2014-02-20 16:45:05] Looking in this directory:
INFO [2014-02-20 16:45:05] M:/Dropbox/MyFiles/GitHub/AWR-Miner
INFO [2014-02-20 16:45:05] for files that match the pattern: ^awr-hist*.*(\.out|\.gz)$
INFO [2014-02-20 16:45:07] Files found: 


INFO [2014-02-25 16:07:58] 

--------------------------------------------------


INFO [2014-02-25 16:07:58] ** Starting AWR-Miner ** 
INFO [2014-02-25 16:07:58] Looking in this directory:
INFO [2014-02-25 16:07:58] M:/Dropbox/MyFiles/GitHub/AWR-Miner
INFO [2014-02-25 16:07:58] for files that match the pattern: ^awr-hist*.*(\.out|\.gz)$
INFO [2014-02-25 16:08:00] Files found (0): 


INFO [2014-03-28 13:56:24] 

--------------------------------------------------


INFO [2014-03-28 13:56:24] ** Starting AWR-Miner ** 
INFO [2014-03-28 13:56:24] Looking in this directory:
INFO [2014-03-28 13:56:24] M:/Dropbox/MyFiles/GitHub/AWR-Miner
INFO [2014-03-28 13:56:24] for files that match the pattern: ^awr-hist*.*(\.out|\.gz)$
INFO [2014-03-28 13:56:26] Files found (0): 


