INFO [2014-02-20 21:02:06] 

--------------------------------------------------


INFO [2014-02-20 21:02:06] ** Starting AWR-Miner ** 
INFO [2014-02-20 21:02:06] Looking in this directory:
INFO [2014-02-20 21:02:06] M:/Dropbox/MyFiles/GitHub/AWR-Miner/source
INFO [2014-02-20 21:02:06] for files that match the pattern: ^awr-hist*.*(\.out|\.gz)$
INFO [2014-02-20 21:02:08] Files found: 
awr-hist-3005662858-CENSUS-9-458.out.gz
awr-hist-3107787169-TENTWO-227-307.out
awr-hist-3107787169-TENTWO-227-308.out
awr-hist-3846920754-RAC81P-289-1209.out
awr-hist-389926331-USPS-775-985.out
awr-hist-389926331-USPS-775-985.out.gz

INFO [2014-02-20 21:02:08] -
INFO [2014-02-20 21:02:08] dbname-dbid: CENSUS-3005662858
INFO [2014-02-20 21:02:08] awr-hist-3005662858-CENSUS-9-458.out.gz
INFO [2014-02-20 21:02:08] File size (kb): 504
INFO [2014-02-20 21:02:08] Number of sections: 10
INFO [2014-02-20 21:02:26] Finished DB: CENSUS - 3005662858
INFO [2014-02-20 21:02:26] -
INFO [2014-02-20 21:02:26] dbname-dbid: TENTWO-3107787169
INFO [2014-02-20 21:02:26] awr-hist-3107787169-TENTWO-227-307.out
INFO [2014-02-20 21:02:26] File size (kb): 342
INFO [2014-02-20 21:02:26] Number of sections: 12
INFO [2014-02-20 21:02:31] Finished DB: TENTWO - 3107787169
INFO [2014-02-20 21:02:31] -
INFO [2014-02-20 21:02:31] dbname-dbid: TENTWO-3107787169
INFO [2014-02-20 21:02:31] awr-hist-3107787169-TENTWO-227-308.out
INFO [2014-02-20 21:02:31] File size (kb): 359
INFO [2014-02-20 21:02:31] Number of sections: 12
INFO [2014-02-20 21:02:37] Finished DB: TENTWO - 3107787169
INFO [2014-02-20 21:02:37] -
INFO [2014-02-20 21:02:37] dbname-dbid: RAC81P-3846920754
INFO [2014-02-20 21:02:37] awr-hist-3846920754-RAC81P-289-1209.out
INFO [2014-02-20 21:02:37] File size (kb): 16591
INFO [2014-02-20 21:02:38] Number of sections: 12
INFO [2014-02-20 21:03:31] Finished DB: RAC81P - 3846920754
INFO [2014-02-20 21:03:31] -
INFO [2014-02-20 21:03:31] dbname-dbid: USPS-389926331
INFO [2014-02-20 21:03:31] awr-hist-389926331-USPS-775-985.out
INFO [2014-02-20 21:03:31] File size (kb): 3583
INFO [2014-02-20 21:03:32] Number of sections: 10
INFO [2014-02-20 21:03:47] Finished DB: USPS - 389926331
INFO [2014-02-20 21:03:47] -
INFO [2014-02-20 21:03:47] dbname-dbid: USPS-389926331
INFO [2014-02-20 21:03:47] awr-hist-389926331-USPS-775-985.out.gz
INFO [2014-02-20 21:03:47] File size (kb): 415
INFO [2014-02-20 21:03:47] Number of sections: 10
INFO [2014-02-20 21:04:03] Finished DB: USPS - 389926331
INFO [2014-02-20 21:05:53] 

--------------------------------------------------


INFO [2014-02-20 21:05:53] ** Starting AWR-Miner ** 
INFO [2014-02-20 21:05:53] Looking in this directory:
INFO [2014-02-20 21:05:53] M:/Dropbox/MyFiles/GitHub/AWR-Miner/source
INFO [2014-02-20 21:05:53] for files that match the pattern: ^awr-hist*.*(\.out|\.gz)$
INFO [2014-02-20 21:05:55] Files found: 
awr-hist-3005662858-CENSUS-9-458.out.gz
awr-hist-3107787169-TENTWO-227-307.out
awr-hist-3107787169-TENTWO-227-308.out
awr-hist-3846920754-RAC81P-289-1209.out
awr-hist-389926331-USPS-775-985.out
awr-hist-389926331-USPS-775-985.out.gz

INFO [2014-02-20 21:05:55] -
INFO [2014-02-20 21:05:55] dbname-dbid: CENSUS-3005662858
INFO [2014-02-20 21:05:55] awr-hist-3005662858-CENSUS-9-458.out.gz
INFO [2014-02-20 21:05:55] File size (kb): 504
INFO [2014-02-20 21:05:55] Number of sections: 10
INFO [2014-02-20 21:06:04] Parsed without error
INFO [2014-02-20 21:06:13] Finished DB: CENSUS - 3005662858
INFO [2014-02-20 21:06:13] -
INFO [2014-02-20 21:06:13] dbname-dbid: TENTWO-3107787169
INFO [2014-02-20 21:06:13] awr-hist-3107787169-TENTWO-227-307.out
INFO [2014-02-20 21:06:13] File size (kb): 342
INFO [2014-02-20 21:06:13] Number of sections: 12
INFO [2014-02-20 21:06:14] Parsed without error
INFO [2014-02-20 21:06:19] Finished DB: TENTWO - 3107787169
INFO [2014-02-20 21:06:19] -
INFO [2014-02-20 21:06:19] dbname-dbid: TENTWO-3107787169
INFO [2014-02-20 21:06:19] awr-hist-3107787169-TENTWO-227-308.out
INFO [2014-02-20 21:06:19] File size (kb): 359
INFO [2014-02-20 21:06:19] Number of sections: 12
INFO [2014-02-20 21:06:20] Parsed without error
INFO [2014-02-20 21:06:24] Finished DB: TENTWO - 3107787169
INFO [2014-02-20 21:06:24] -
INFO [2014-02-20 21:06:24] dbname-dbid: RAC81P-3846920754
INFO [2014-02-20 21:06:24] awr-hist-3846920754-RAC81P-289-1209.out
INFO [2014-02-20 21:06:24] File size (kb): 16591
INFO [2014-02-20 21:06:26] Number of sections: 12
INFO [2014-02-20 21:08:27] 

--------------------------------------------------


INFO [2014-02-20 21:08:27] ** Starting AWR-Miner ** 
INFO [2014-02-20 21:08:27] Looking in this directory:
INFO [2014-02-20 21:08:27] M:/Dropbox/MyFiles/GitHub/AWR-Miner/source
INFO [2014-02-20 21:08:27] for files that match the pattern: ^awr-hist*.*(\.out|\.gz)$
INFO [2014-02-20 21:08:29] Files found (6): 
awr-hist-3005662858-CENSUS-9-458.out.gz
awr-hist-3107787169-TENTWO-227-307.out
awr-hist-3107787169-TENTWO-227-308.out
awr-hist-3846920754-RAC81P-289-1209.out
awr-hist-389926331-USPS-775-985.out
awr-hist-389926331-USPS-775-985.out.gz

INFO [2014-02-20 21:08:29] -
INFO [2014-02-20 21:08:29] dbname-dbid: CENSUS-3005662858
INFO [2014-02-20 21:08:29] awr-hist-3005662858-CENSUS-9-458.out.gz
INFO [2014-02-20 21:08:29] File size (kb): 504
INFO [2014-02-20 21:08:30] Number of sections: 10
INFO [2014-02-20 21:08:47] Finished DB: CENSUS - 3005662858
INFO [2014-02-20 21:08:47] -
INFO [2014-02-20 21:08:47] dbname-dbid: TENTWO-3107787169
INFO [2014-02-20 21:08:47] awr-hist-3107787169-TENTWO-227-307.out
INFO [2014-02-20 21:08:47] File size (kb): 342
INFO [2014-02-20 21:08:47] Number of sections: 12
INFO [2014-02-20 21:08:53] Finished DB: TENTWO - 3107787169
INFO [2014-02-20 21:08:53] -
INFO [2014-02-20 21:08:53] dbname-dbid: TENTWO-3107787169
INFO [2014-02-20 21:08:53] awr-hist-3107787169-TENTWO-227-308.out
INFO [2014-02-20 21:08:53] File size (kb): 359
INFO [2014-02-20 21:08:53] Number of sections: 12
INFO [2014-02-20 21:08:59] Finished DB: TENTWO - 3107787169
INFO [2014-02-20 21:08:59] -
INFO [2014-02-20 21:08:59] dbname-dbid: RAC81P-3846920754
INFO [2014-02-20 21:08:59] awr-hist-3846920754-RAC81P-289-1209.out
INFO [2014-02-20 21:08:59] File size (kb): 16591
INFO [2014-02-20 21:09:00] Number of sections: 12
INFO [2014-02-20 21:09:54] Finished DB: RAC81P - 3846920754
INFO [2014-02-20 21:09:54] -
INFO [2014-02-20 21:09:54] dbname-dbid: USPS-389926331
INFO [2014-02-20 21:09:54] awr-hist-389926331-USPS-775-985.out
INFO [2014-02-20 21:09:54] File size (kb): 3583
INFO [2014-02-20 21:09:54] Number of sections: 10
INFO [2014-02-20 21:10:10] Finished DB: USPS - 389926331
INFO [2014-02-20 21:10:10] -
INFO [2014-02-20 21:10:10] dbname-dbid: USPS-389926331
INFO [2014-02-20 21:10:10] awr-hist-389926331-USPS-775-985.out.gz
INFO [2014-02-20 21:10:10] File size (kb): 415
INFO [2014-02-20 21:10:10] Number of sections: 10
INFO [2014-02-20 21:10:26] Finished DB: USPS - 389926331
INFO [2014-02-21 08:45:18] 

--------------------------------------------------


INFO [2014-02-21 08:45:18] ** Starting AWR-Miner ** 
INFO [2014-02-21 08:45:18] Looking in this directory:
INFO [2014-02-21 08:45:18] M:/Dropbox/MyFiles/GitHub/AWR-Miner/source
INFO [2014-02-21 08:45:18] for files that match the pattern: ^awr-hist*.*(\.out|\.gz)$
INFO [2014-02-21 08:45:20] Files found (7): 
awr-hist-3005662858-CENSUS-9-458.out.gz
awr-hist-3107787169-TENTWO-227-307.out
awr-hist-3107787169-TENTWO-227-308.out
awr-hist-3107787169-TENTWO-249-329.out
awr-hist-3846920754-RAC81P-289-1209.out
awr-hist-389926331-USPS-775-985.out
awr-hist-389926331-USPS-775-985.out.gz

INFO [2014-02-21 08:45:20] -
INFO [2014-02-21 08:45:20] dbname-dbid: CENSUS-3005662858
INFO [2014-02-21 08:45:20] awr-hist-3005662858-CENSUS-9-458.out.gz
INFO [2014-02-21 08:45:20] File size (kb): 504
INFO [2014-02-21 08:45:20] Number of sections: 10
INFO [2014-02-21 08:45:39] Finished DB: CENSUS - 3005662858
INFO [2014-02-21 08:45:39] -
INFO [2014-02-21 08:45:39] dbname-dbid: TENTWO-3107787169
INFO [2014-02-21 08:45:39] awr-hist-3107787169-TENTWO-227-307.out
INFO [2014-02-21 08:45:39] File size (kb): 342
INFO [2014-02-21 08:45:39] Number of sections: 12
INFO [2014-02-21 08:45:45] Finished DB: TENTWO - 3107787169
INFO [2014-02-21 08:45:45] -
INFO [2014-02-21 08:45:45] dbname-dbid: TENTWO-3107787169
INFO [2014-02-21 08:45:45] awr-hist-3107787169-TENTWO-227-308.out
INFO [2014-02-21 08:45:45] File size (kb): 359
INFO [2014-02-21 08:45:45] Number of sections: 12
INFO [2014-02-21 08:45:51] Finished DB: TENTWO - 3107787169
INFO [2014-02-21 08:45:51] -
INFO [2014-02-21 08:45:51] dbname-dbid: TENTWO-3107787169
INFO [2014-02-21 08:45:51] awr-hist-3107787169-TENTWO-249-329.out
INFO [2014-02-21 08:45:51] File size (kb): 389
INFO [2014-02-21 08:45:51] Number of sections: 12
INFO [2014-02-21 08:45:57] Finished DB: TENTWO - 3107787169
INFO [2014-02-21 08:45:57] -
INFO [2014-02-21 08:45:57] dbname-dbid: RAC81P-3846920754
INFO [2014-02-21 08:45:57] awr-hist-3846920754-RAC81P-289-1209.out
INFO [2014-02-21 08:45:57] File size (kb): 16591
INFO [2014-02-21 08:45:58] Number of sections: 12
INFO [2014-02-21 08:46:54] Finished DB: RAC81P - 3846920754
INFO [2014-02-21 08:46:54] -
INFO [2014-02-21 08:46:54] dbname-dbid: USPS-389926331
INFO [2014-02-21 08:46:54] awr-hist-389926331-USPS-775-985.out
INFO [2014-02-21 08:46:54] File size (kb): 3583
INFO [2014-02-21 08:46:54] Number of sections: 10
INFO [2014-02-21 08:47:11] Finished DB: USPS - 389926331
INFO [2014-02-21 08:47:11] -
INFO [2014-02-21 08:47:11] dbname-dbid: USPS-389926331
INFO [2014-02-21 08:47:11] awr-hist-389926331-USPS-775-985.out.gz
INFO [2014-02-21 08:47:11] File size (kb): 415
INFO [2014-02-21 08:47:11] Number of sections: 10
INFO [2014-02-21 08:47:28] Finished DB: USPS - 389926331
INFO [2014-02-21 13:25:37] 

--------------------------------------------------


INFO [2014-02-21 13:25:37] ** Starting AWR-Miner ** 
INFO [2014-02-21 13:25:37] Looking in this directory:
INFO [2014-02-21 13:25:37] M:/Dropbox/MyFiles/GitHub/AWR-Miner/source
INFO [2014-02-21 13:25:37] for files that match the pattern: ^awr-hist.+USPS.+(\.out|\.gz)$
INFO [2014-02-21 13:25:40] Files found (2): 
awr-hist-389926331-USPS-775-985.out
awr-hist-389926331-USPS-775-985.out.gz

INFO [2014-02-21 13:25:40] -
INFO [2014-02-21 13:25:40] dbname-dbid: USPS-389926331
INFO [2014-02-21 13:25:40] awr-hist-389926331-USPS-775-985.out
INFO [2014-02-21 13:25:40] File size (kb): 3583
INFO [2014-02-21 13:25:40] Number of sections: 10
INFO [2014-02-21 13:26:12] Finished DB: USPS - 389926331
INFO [2014-02-21 13:26:12] -
INFO [2014-02-21 13:26:12] dbname-dbid: USPS-389926331
INFO [2014-02-21 13:26:12] awr-hist-389926331-USPS-775-985.out.gz
INFO [2014-02-21 13:26:12] File size (kb): 415
INFO [2014-02-21 13:26:13] Number of sections: 10
INFO [2014-02-21 13:26:46] Finished DB: USPS - 389926331
INFO [2014-02-21 13:28:39] 

--------------------------------------------------


INFO [2014-02-21 13:28:39] ** Starting AWR-Miner ** 
INFO [2014-02-21 13:28:39] Looking in this directory:
INFO [2014-02-21 13:28:39] M:/Dropbox/MyFiles/GitHub/AWR-Miner/source
INFO [2014-02-21 13:28:39] for files that match the pattern: ^awr-hist.+USPS.+(\.out|\.gz)$
INFO [2014-02-21 13:28:41] Files found (2): 
awr-hist-389926331-USPS-775-985.out
awr-hist-389926331-USPS-775-985.out.gz

INFO [2014-02-21 13:28:41] -
INFO [2014-02-21 13:28:41] dbname-dbid: USPS-389926331
INFO [2014-02-21 13:28:41] awr-hist-389926331-USPS-775-985.out
INFO [2014-02-21 13:28:41] File size (kb): 3583
INFO [2014-02-21 13:28:42] Number of sections: 10
INFO [2014-02-21 13:29:07] Finished DB: USPS - 389926331
INFO [2014-02-21 13:29:07] -
INFO [2014-02-21 13:29:07] dbname-dbid: USPS-389926331
INFO [2014-02-21 13:29:07] awr-hist-389926331-USPS-775-985.out.gz
INFO [2014-02-21 13:29:07] File size (kb): 415
INFO [2014-02-21 13:29:08] Number of sections: 10
INFO [2014-02-21 13:29:35] Finished DB: USPS - 389926331
INFO [2014-02-21 13:33:40] 

--------------------------------------------------


INFO [2014-02-21 13:33:40] ** Starting AWR-Miner ** 
INFO [2014-02-21 13:33:40] Looking in this directory:
INFO [2014-02-21 13:33:40] M:/Dropbox/MyFiles/GitHub/AWR-Miner/source
INFO [2014-02-21 13:33:40] for files that match the pattern: ^awr-hist.+USPS.+(\.out)$
INFO [2014-02-21 13:33:42] Files found (1): 
awr-hist-389926331-USPS-775-985.out

INFO [2014-02-21 13:33:42] -
INFO [2014-02-21 13:33:42] dbname-dbid: USPS-389926331
INFO [2014-02-21 13:33:42] awr-hist-389926331-USPS-775-985.out
INFO [2014-02-21 13:33:42] File size (kb): 5074
INFO [2014-02-21 13:33:43] Number of sections: 12
INFO [2014-02-21 13:34:16] Finished DB: USPS - 389926331
INFO [2014-02-21 13:37:30] 

--------------------------------------------------


INFO [2014-02-21 13:37:30] ** Starting AWR-Miner ** 
INFO [2014-02-21 13:37:30] Looking in this directory:
INFO [2014-02-21 13:37:30] M:/Dropbox/MyFiles/GitHub/AWR-Miner/source
INFO [2014-02-21 13:37:30] for files that match the pattern: ^awr-hist.+TEN.+(\.out)$
INFO [2014-02-21 13:37:32] Files found (4): 
awr-hist-3107787169-TENTWO-227-307.out
awr-hist-3107787169-TENTWO-227-308.out
awr-hist-3107787169-TENTWO-249-329.out
awr-hist-3107787169-TENTWO-251-330.out

INFO [2014-02-21 13:37:32] -
INFO [2014-02-21 13:37:32] dbname-dbid: TENTWO-3107787169
INFO [2014-02-21 13:37:32] awr-hist-3107787169-TENTWO-227-307.out
INFO [2014-02-21 13:37:32] File size (kb): 342
INFO [2014-02-21 13:37:32] Number of sections: 12
INFO [2014-02-21 13:37:33] -
INFO [2014-02-21 13:37:33] dbname-dbid: TENTWO-3107787169
INFO [2014-02-21 13:37:33] awr-hist-3107787169-TENTWO-227-308.out
INFO [2014-02-21 13:37:33] File size (kb): 359
INFO [2014-02-21 13:37:33] Number of sections: 12
INFO [2014-02-21 13:37:34] -
INFO [2014-02-21 13:37:34] dbname-dbid: TENTWO-3107787169
INFO [2014-02-21 13:37:34] awr-hist-3107787169-TENTWO-249-329.out
INFO [2014-02-21 13:37:34] File size (kb): 389
INFO [2014-02-21 13:37:34] Number of sections: 12
INFO [2014-02-21 13:37:36] -
INFO [2014-02-21 13:37:36] dbname-dbid: TENTWO-3107787169
INFO [2014-02-21 13:37:36] awr-hist-3107787169-TENTWO-251-330.out
INFO [2014-02-21 13:37:36] File size (kb): 404
INFO [2014-02-21 13:37:36] Number of sections: 12
INFO [2014-02-21 13:41:21] 

--------------------------------------------------


INFO [2014-02-21 13:41:21] ** Starting AWR-Miner ** 
INFO [2014-02-21 13:41:21] Looking in this directory:
INFO [2014-02-21 13:41:21] M:/Dropbox/MyFiles/GitHub/AWR-Miner/source
INFO [2014-02-21 13:41:21] for files that match the pattern: ^awr-hist.+TEN.+(\.out)$
INFO [2014-02-21 13:41:23] Files found (4): 
awr-hist-3107787169-TENTWO-227-307.out
awr-hist-3107787169-TENTWO-227-308.out
awr-hist-3107787169-TENTWO-249-329.out
awr-hist-3107787169-TENTWO-251-330.out

INFO [2014-02-21 13:41:23] -
INFO [2014-02-21 13:41:23] dbname-dbid: TENTWO-3107787169
INFO [2014-02-21 13:41:23] awr-hist-3107787169-TENTWO-227-307.out
INFO [2014-02-21 13:41:23] File size (kb): 342
INFO [2014-02-21 13:41:23] Number of sections: 12
INFO [2014-02-21 13:41:36] Finished DB: TENTWO - 3107787169
INFO [2014-02-21 13:41:36] -
INFO [2014-02-21 13:41:36] dbname-dbid: TENTWO-3107787169
INFO [2014-02-21 13:41:36] awr-hist-3107787169-TENTWO-227-308.out
INFO [2014-02-21 13:41:36] File size (kb): 359
INFO [2014-02-21 13:41:36] Number of sections: 12
INFO [2014-02-21 13:41:51] Finished DB: TENTWO - 3107787169
INFO [2014-02-21 13:41:51] -
INFO [2014-02-21 13:41:51] dbname-dbid: TENTWO-3107787169
INFO [2014-02-21 13:41:51] awr-hist-3107787169-TENTWO-249-329.out
INFO [2014-02-21 13:41:51] File size (kb): 389
INFO [2014-02-21 13:41:51] Number of sections: 12
INFO [2014-02-21 13:42:06] Finished DB: TENTWO - 3107787169
INFO [2014-02-21 13:42:06] -
INFO [2014-02-21 13:42:06] dbname-dbid: TENTWO-3107787169
INFO [2014-02-21 13:42:06] awr-hist-3107787169-TENTWO-251-330.out
INFO [2014-02-21 13:42:06] File size (kb): 404
INFO [2014-02-21 13:42:06] Number of sections: 12
INFO [2014-02-21 13:42:20] Finished DB: TENTWO - 3107787169
INFO [2014-02-21 18:33:12] 

--------------------------------------------------


INFO [2014-02-21 18:33:12] ** Starting AWR-Miner ** 
INFO [2014-02-21 18:33:12] Looking in this directory:
INFO [2014-02-21 18:33:12] M:/Dropbox/MyFiles/GitHub/AWR-Miner/source
INFO [2014-02-21 18:33:12] for files that match the pattern: ^awr-hist*.*(\.out|\.gz)$
INFO [2014-02-21 18:33:14] Files found (10): 
awr-hist-148658377-TWELVE1-1225-1320.out
awr-hist-148658377-TWELVE1-1225-1321.out
awr-hist-3005662858-CENSUS-9-458.out.gz
awr-hist-3107787169-TENTWO-227-307.out
awr-hist-3107787169-TENTWO-227-308.out
awr-hist-3107787169-TENTWO-249-329.out
awr-hist-3107787169-TENTWO-251-330.out
awr-hist-3846920754-RAC81P-289-1209.out
awr-hist-389926331-USPS-775-985.out
awr-hist-389926331-USPS-775-985.out.gz

INFO [2014-02-21 18:33:14] -
INFO [2014-02-21 18:33:14] dbname-dbid: TWELVE1-148658377
INFO [2014-02-21 18:33:14] awr-hist-148658377-TWELVE1-1225-1320.out
INFO [2014-02-21 18:33:14] File size (kb): 676
INFO [2014-02-21 18:33:14] Number of sections: 12
INFO [2014-02-21 18:33:28] Finished DB: TWELVE1 - 148658377
INFO [2014-02-21 18:33:28] -
INFO [2014-02-21 18:33:28] dbname-dbid: TWELVE1-148658377
INFO [2014-02-21 18:33:28] awr-hist-148658377-TWELVE1-1225-1321.out
INFO [2014-02-21 18:33:28] File size (kb): 693
INFO [2014-02-21 18:33:29] Number of sections: 12
INFO [2014-02-21 18:33:43] Finished DB: TWELVE1 - 148658377
INFO [2014-02-21 18:33:43] -
INFO [2014-02-21 18:33:43] dbname-dbid: CENSUS-3005662858
INFO [2014-02-21 18:33:43] awr-hist-3005662858-CENSUS-9-458.out.gz
INFO [2014-02-21 18:33:43] File size (kb): 504
INFO [2014-02-21 18:33:43] Number of sections: 10
INFO [2014-02-21 18:34:14] Finished DB: CENSUS - 3005662858
INFO [2014-02-21 18:34:14] -
INFO [2014-02-21 18:34:14] dbname-dbid: TENTWO-3107787169
INFO [2014-02-21 18:34:14] awr-hist-3107787169-TENTWO-227-307.out
INFO [2014-02-21 18:34:14] File size (kb): 342
INFO [2014-02-21 18:34:14] Number of sections: 12
INFO [2014-02-21 18:34:23] Finished DB: TENTWO - 3107787169
INFO [2014-02-21 18:34:23] -
INFO [2014-02-21 18:34:23] dbname-dbid: TENTWO-3107787169
INFO [2014-02-21 18:34:23] awr-hist-3107787169-TENTWO-227-308.out
INFO [2014-02-21 18:34:23] File size (kb): 359
INFO [2014-02-21 18:34:23] Number of sections: 12
INFO [2014-02-21 18:34:33] Finished DB: TENTWO - 3107787169
INFO [2014-02-21 18:34:33] -
INFO [2014-02-21 18:34:33] dbname-dbid: TENTWO-3107787169
INFO [2014-02-21 18:34:33] awr-hist-3107787169-TENTWO-249-329.out
INFO [2014-02-21 18:34:33] File size (kb): 389
INFO [2014-02-21 18:34:33] Number of sections: 12
INFO [2014-02-21 18:34:43] Finished DB: TENTWO - 3107787169
INFO [2014-02-21 18:34:43] -
INFO [2014-02-21 18:34:43] dbname-dbid: TENTWO-3107787169
INFO [2014-02-21 18:34:43] awr-hist-3107787169-TENTWO-251-330.out
INFO [2014-02-21 18:34:43] File size (kb): 404
INFO [2014-02-21 18:34:43] Number of sections: 12
INFO [2014-02-21 18:34:53] Finished DB: TENTWO - 3107787169
INFO [2014-02-21 18:34:53] -
INFO [2014-02-21 18:34:53] dbname-dbid: RAC81P-3846920754
INFO [2014-02-21 18:34:53] awr-hist-3846920754-RAC81P-289-1209.out
INFO [2014-02-21 18:34:53] File size (kb): 16545
INFO [2014-02-21 18:34:54] Number of sections: 12
INFO [2014-02-21 18:36:13] Finished DB: RAC81P - 3846920754
INFO [2014-02-21 18:36:13] -
INFO [2014-02-21 18:36:13] dbname-dbid: USPS-389926331
INFO [2014-02-21 18:36:13] awr-hist-389926331-USPS-775-985.out
INFO [2014-02-21 18:36:13] File size (kb): 5074
INFO [2014-02-21 18:36:13] Number of sections: 12
INFO [2014-02-21 18:36:44] Finished DB: USPS - 389926331
INFO [2014-02-21 18:36:44] -
INFO [2014-02-21 18:36:44] dbname-dbid: USPS-389926331
INFO [2014-02-21 18:36:44] awr-hist-389926331-USPS-775-985.out.gz
INFO [2014-02-21 18:36:44] File size (kb): 415
INFO [2014-02-21 18:36:45] Number of sections: 10
INFO [2014-02-21 18:37:09] Finished DB: USPS - 389926331
INFO [2014-02-21 18:41:59] 

--------------------------------------------------


INFO [2014-02-21 18:41:59] ** Starting AWR-Miner ** 
INFO [2014-02-21 18:41:59] Looking in this directory:
INFO [2014-02-21 18:41:59] M:/Dropbox/MyFiles/GitHub/AWR-Miner/source
INFO [2014-02-21 18:41:59] for files that match the pattern: ^awr-hist.+CENSUS.+(\.out|\.gz)$
INFO [2014-02-21 18:42:02] Files found (1): 
awr-hist-3005662858-CENSUS-9-458.out.gz

INFO [2014-02-21 18:42:02] -
INFO [2014-02-21 18:42:02] dbname-dbid: CENSUS-3005662858
INFO [2014-02-21 18:42:02] awr-hist-3005662858-CENSUS-9-458.out.gz
INFO [2014-02-21 18:42:02] File size (kb): 504
INFO [2014-02-21 18:42:02] Number of sections: 10
INFO [2014-02-21 18:42:32] Finished DB: CENSUS - 3005662858
INFO [2014-02-21 18:47:42] 

--------------------------------------------------


INFO [2014-02-21 18:47:42] ** Starting AWR-Miner ** 
INFO [2014-02-21 18:47:42] Looking in this directory:
INFO [2014-02-21 18:47:42] M:/Dropbox/MyFiles/GitHub/AWR-Miner/source
INFO [2014-02-21 18:47:42] for files that match the pattern: ^awr-hist*.*(\.out|\.gz)$
INFO [2014-02-21 18:47:50] 

--------------------------------------------------


INFO [2014-02-21 18:47:50] ** Starting AWR-Miner ** 
INFO [2014-02-21 18:47:50] Looking in this directory:
INFO [2014-02-21 18:47:50] M:/Dropbox/MyFiles/GitHub/AWR-Miner/source
INFO [2014-02-21 18:47:50] for files that match the pattern: ^awr-hist*.*(\.out|\.gz)$
INFO [2014-02-21 18:47:52] Files found (10): 
awr-hist-148658377-TWELVE1-1225-1320.out
awr-hist-148658377-TWELVE1-1225-1321.out
awr-hist-3005662858-CENSUS-9-458.out.gz
awr-hist-3107787169-TENTWO-227-307.out
awr-hist-3107787169-TENTWO-227-308.out
awr-hist-3107787169-TENTWO-249-329.out
awr-hist-3107787169-TENTWO-251-330.out
awr-hist-3846920754-RAC81P-289-1209.out
awr-hist-389926331-USPS-775-985.out
awr-hist-389926331-USPS-775-985.out.gz

INFO [2014-02-21 18:47:52] -
INFO [2014-02-21 18:47:52] dbname-dbid: TWELVE1-148658377
INFO [2014-02-21 18:47:53] awr-hist-148658377-TWELVE1-1225-1320.out
INFO [2014-02-21 18:47:53] File size (kb): 676
INFO [2014-02-21 18:47:53] Number of sections: 12
INFO [2014-02-21 18:48:07] Finished DB: TWELVE1 - 148658377
INFO [2014-02-21 18:48:07] -
INFO [2014-02-21 18:48:07] dbname-dbid: TWELVE1-148658377
INFO [2014-02-21 18:48:07] awr-hist-148658377-TWELVE1-1225-1321.out
INFO [2014-02-21 18:48:07] File size (kb): 693
INFO [2014-02-21 18:48:07] Number of sections: 12
INFO [2014-02-21 18:48:22] Finished DB: TWELVE1 - 148658377
INFO [2014-02-21 18:48:22] -
INFO [2014-02-21 18:48:22] dbname-dbid: CENSUS-3005662858
INFO [2014-02-21 18:48:22] awr-hist-3005662858-CENSUS-9-458.out.gz
INFO [2014-02-21 18:48:22] File size (kb): 504
INFO [2014-02-21 18:48:22] Number of sections: 10
INFO [2014-02-21 18:48:53] Finished DB: CENSUS - 3005662858
INFO [2014-02-21 18:48:53] -
INFO [2014-02-21 18:48:53] dbname-dbid: TENTWO-3107787169
INFO [2014-02-21 18:48:53] awr-hist-3107787169-TENTWO-227-307.out
INFO [2014-02-21 18:48:53] File size (kb): 342
INFO [2014-02-21 18:48:53] Number of sections: 12
INFO [2014-02-21 18:49:03] Finished DB: TENTWO - 3107787169
INFO [2014-02-21 18:49:03] -
INFO [2014-02-21 18:49:03] dbname-dbid: TENTWO-3107787169
INFO [2014-02-21 18:49:03] awr-hist-3107787169-TENTWO-227-308.out
INFO [2014-02-21 18:49:03] File size (kb): 359
INFO [2014-02-21 18:49:03] Number of sections: 12
INFO [2014-02-21 18:49:13] Finished DB: TENTWO - 3107787169
INFO [2014-02-21 18:49:13] -
INFO [2014-02-21 18:49:13] dbname-dbid: TENTWO-3107787169
INFO [2014-02-21 18:49:13] awr-hist-3107787169-TENTWO-249-329.out
INFO [2014-02-21 18:49:13] File size (kb): 389
INFO [2014-02-21 18:49:13] Number of sections: 12
INFO [2014-02-21 18:49:23] Finished DB: TENTWO - 3107787169
INFO [2014-02-21 18:49:23] -
INFO [2014-02-21 18:49:23] dbname-dbid: TENTWO-3107787169
INFO [2014-02-21 18:49:23] awr-hist-3107787169-TENTWO-251-330.out
INFO [2014-02-21 18:49:23] File size (kb): 404
INFO [2014-02-21 18:49:24] Number of sections: 12
INFO [2014-02-21 18:49:34] Finished DB: TENTWO - 3107787169
INFO [2014-02-21 18:49:34] -
INFO [2014-02-21 18:49:34] dbname-dbid: RAC81P-3846920754
INFO [2014-02-21 18:49:34] awr-hist-3846920754-RAC81P-289-1209.out
INFO [2014-02-21 18:49:34] File size (kb): 16545
INFO [2014-02-21 18:49:35] Number of sections: 12
INFO [2014-02-21 18:50:54] Finished DB: RAC81P - 3846920754
INFO [2014-02-21 18:50:54] -
INFO [2014-02-21 18:50:54] dbname-dbid: USPS-389926331
INFO [2014-02-21 18:50:54] awr-hist-389926331-USPS-775-985.out
INFO [2014-02-21 18:50:54] File size (kb): 5074
INFO [2014-02-21 18:50:54] Number of sections: 12
INFO [2014-02-21 18:51:25] Finished DB: USPS - 389926331
INFO [2014-02-21 18:51:25] -
INFO [2014-02-21 18:51:25] dbname-dbid: USPS-389926331
INFO [2014-02-21 18:51:25] awr-hist-389926331-USPS-775-985.out.gz
INFO [2014-02-21 18:51:25] File size (kb): 415
INFO [2014-02-21 18:51:25] Number of sections: 10
INFO [2014-02-21 18:51:50] Finished DB: USPS - 389926331
INFO [2014-02-21 18:55:35] 

--------------------------------------------------


INFO [2014-02-21 18:55:35] ** Starting AWR-Miner ** 
INFO [2014-02-21 18:55:35] Looking in this directory:
INFO [2014-02-21 18:55:35] M:/Dropbox/MyFiles/GitHub/AWR-Miner/source
INFO [2014-02-21 18:55:35] for files that match the pattern: ^awr-hist*.*(\.out|\.gz)$
INFO [2014-02-21 18:55:37] Files found (10): 
awr-hist-148658377-TWELVE1-1225-1320.out
awr-hist-148658377-TWELVE1-1225-1321.out
awr-hist-3005662858-CENSUS-9-458.out.gz
awr-hist-3107787169-TENTWO-227-307.out
awr-hist-3107787169-TENTWO-227-308.out
awr-hist-3107787169-TENTWO-249-329.out
awr-hist-3107787169-TENTWO-251-330.out
awr-hist-3846920754-RAC81P-289-1209.out
awr-hist-389926331-USPS-775-985.out
awr-hist-389926331-USPS-775-985.out.gz

INFO [2014-02-21 18:55:37] -
INFO [2014-02-21 18:55:37] dbname-dbid: TWELVE1-148658377
INFO [2014-02-21 18:55:37] awr-hist-148658377-TWELVE1-1225-1320.out
INFO [2014-02-21 18:55:37] File size (kb): 676
INFO [2014-02-21 18:55:37] Number of sections: 12
INFO [2014-02-21 18:55:52] Finished DB: TWELVE1 - 148658377
INFO [2014-02-21 18:55:52] -
INFO [2014-02-21 18:55:52] dbname-dbid: TWELVE1-148658377
INFO [2014-02-21 18:55:52] awr-hist-148658377-TWELVE1-1225-1321.out
INFO [2014-02-21 18:55:52] File size (kb): 693
INFO [2014-02-21 18:55:52] Number of sections: 12
INFO [2014-02-21 18:56:08] Finished DB: TWELVE1 - 148658377
INFO [2014-02-21 18:56:08] -
INFO [2014-02-21 18:56:08] dbname-dbid: CENSUS-3005662858
INFO [2014-02-21 18:56:08] awr-hist-3005662858-CENSUS-9-458.out.gz
INFO [2014-02-21 18:56:08] File size (kb): 504
INFO [2014-02-21 18:56:08] Number of sections: 10
INFO [2014-02-21 18:56:38] Finished DB: CENSUS - 3005662858
INFO [2014-02-21 18:56:38] -
INFO [2014-02-21 18:56:38] dbname-dbid: TENTWO-3107787169
INFO [2014-02-21 18:56:38] awr-hist-3107787169-TENTWO-227-307.out
INFO [2014-02-21 18:56:38] File size (kb): 342
INFO [2014-02-21 18:56:38] Number of sections: 12
INFO [2014-02-21 18:56:49] Finished DB: TENTWO - 3107787169
INFO [2014-02-21 18:56:49] -
INFO [2014-02-21 18:56:49] dbname-dbid: TENTWO-3107787169
INFO [2014-02-21 18:56:49] awr-hist-3107787169-TENTWO-227-308.out
INFO [2014-02-21 18:56:49] File size (kb): 359
INFO [2014-02-21 18:56:49] Number of sections: 12
INFO [2014-02-21 18:56:59] Finished DB: TENTWO - 3107787169
INFO [2014-02-21 18:56:59] -
INFO [2014-02-21 18:56:59] dbname-dbid: TENTWO-3107787169
INFO [2014-02-21 18:57:00] awr-hist-3107787169-TENTWO-249-329.out
INFO [2014-02-21 18:57:00] File size (kb): 389
INFO [2014-02-21 18:57:00] Number of sections: 12
INFO [2014-02-21 18:57:10] Finished DB: TENTWO - 3107787169
INFO [2014-02-21 18:57:10] -
INFO [2014-02-21 18:57:10] dbname-dbid: TENTWO-3107787169
INFO [2014-02-21 18:57:10] awr-hist-3107787169-TENTWO-251-330.out
INFO [2014-02-21 18:57:10] File size (kb): 404
INFO [2014-02-21 18:57:10] Number of sections: 12
INFO [2014-02-21 18:57:21] Finished DB: TENTWO - 3107787169
INFO [2014-02-21 18:57:21] -
INFO [2014-02-21 18:57:21] dbname-dbid: RAC81P-3846920754
INFO [2014-02-21 18:57:21] awr-hist-3846920754-RAC81P-289-1209.out
INFO [2014-02-21 18:57:21] File size (kb): 16545
INFO [2014-02-21 18:57:22] Number of sections: 12
INFO [2014-02-21 18:58:40] Finished DB: RAC81P - 3846920754
INFO [2014-02-21 18:58:40] -
INFO [2014-02-21 18:58:40] dbname-dbid: USPS-389926331
INFO [2014-02-21 18:58:40] awr-hist-389926331-USPS-775-985.out
INFO [2014-02-21 18:58:40] File size (kb): 5074
INFO [2014-02-21 18:58:41] Number of sections: 12
INFO [2014-02-21 18:59:12] Finished DB: USPS - 389926331
INFO [2014-02-21 18:59:12] -
INFO [2014-02-21 18:59:12] dbname-dbid: USPS-389926331
INFO [2014-02-21 18:59:12] awr-hist-389926331-USPS-775-985.out.gz
INFO [2014-02-21 18:59:12] File size (kb): 415
INFO [2014-02-21 18:59:13] Number of sections: 10
INFO [2014-02-21 18:59:38] Finished DB: USPS - 389926331
INFO [2014-02-21 19:00:42] 

--------------------------------------------------


INFO [2014-02-21 19:00:42] ** Starting AWR-Miner ** 
INFO [2014-02-21 19:00:42] Looking in this directory:
INFO [2014-02-21 19:00:42] M:/Dropbox/MyFiles/GitHub/AWR-Miner/source
INFO [2014-02-21 19:00:42] for files that match the pattern: ^awr-hist*.*(\.out|\.gz)$
INFO [2014-02-21 19:00:44] Files found (10): 
awr-hist-148658377-TWELVE1-1225-1320.out
awr-hist-148658377-TWELVE1-1225-1321.out
awr-hist-3005662858-CENSUS-9-458.out.gz
awr-hist-3107787169-TENTWO-227-307.out
awr-hist-3107787169-TENTWO-227-308.out
awr-hist-3107787169-TENTWO-249-329.out
awr-hist-3107787169-TENTWO-251-330.out
awr-hist-3846920754-RAC81P-289-1209.out
awr-hist-389926331-USPS-775-985.out
awr-hist-389926331-USPS-775-985.out.gz

INFO [2014-02-21 19:00:44] -
INFO [2014-02-21 19:00:44] dbname-dbid: TWELVE1-148658377
INFO [2014-02-21 19:00:44] awr-hist-148658377-TWELVE1-1225-1320.out
INFO [2014-02-21 19:00:44] File size (kb): 676
INFO [2014-02-21 19:00:44] Number of sections: 12
INFO [2014-02-21 19:00:54] Num snap_id for IO_HIST: 95
INFO [2014-02-21 19:00:59] Finished DB: TWELVE1 - 148658377
INFO [2014-02-21 19:00:59] -
INFO [2014-02-21 19:00:59] dbname-dbid: TWELVE1-148658377
INFO [2014-02-21 19:00:59] awr-hist-148658377-TWELVE1-1225-1321.out
INFO [2014-02-21 19:00:59] File size (kb): 693
INFO [2014-02-21 19:00:59] Number of sections: 12
INFO [2014-02-21 19:01:09] Num snap_id for IO_HIST: 96
INFO [2014-02-21 19:01:14] Finished DB: TWELVE1 - 148658377
INFO [2014-02-21 19:01:14] -
INFO [2014-02-21 19:01:14] dbname-dbid: CENSUS-3005662858
INFO [2014-02-21 19:01:14] awr-hist-3005662858-CENSUS-9-458.out.gz
INFO [2014-02-21 19:01:14] File size (kb): 504
INFO [2014-02-21 19:01:14] Number of sections: 10
INFO [2014-02-21 19:01:38] Num snap_id for IO_HIST: 446
INFO [2014-02-21 19:01:45] Finished DB: CENSUS - 3005662858
INFO [2014-02-21 19:01:45] -
INFO [2014-02-21 19:01:45] dbname-dbid: TENTWO-3107787169
INFO [2014-02-21 19:01:45] awr-hist-3107787169-TENTWO-227-307.out
INFO [2014-02-21 19:01:45] File size (kb): 342
INFO [2014-02-21 19:01:45] Number of sections: 12
INFO [2014-02-21 19:01:55] Finished DB: TENTWO - 3107787169
INFO [2014-02-21 19:01:55] -
INFO [2014-02-21 19:01:55] dbname-dbid: TENTWO-3107787169
INFO [2014-02-21 19:01:55] awr-hist-3107787169-TENTWO-227-308.out
INFO [2014-02-21 19:01:55] File size (kb): 359
INFO [2014-02-21 19:01:55] Number of sections: 12
INFO [2014-02-21 19:02:06] Finished DB: TENTWO - 3107787169
INFO [2014-02-21 19:02:06] -
INFO [2014-02-21 19:02:06] dbname-dbid: TENTWO-3107787169
INFO [2014-02-21 19:02:06] awr-hist-3107787169-TENTWO-249-329.out
INFO [2014-02-21 19:02:06] File size (kb): 389
INFO [2014-02-21 19:02:06] Number of sections: 12
INFO [2014-02-21 19:02:16] Finished DB: TENTWO - 3107787169
INFO [2014-02-21 19:02:16] -
INFO [2014-02-21 19:02:16] dbname-dbid: TENTWO-3107787169
INFO [2014-02-21 19:02:16] awr-hist-3107787169-TENTWO-251-330.out
INFO [2014-02-21 19:02:16] File size (kb): 404
INFO [2014-02-21 19:02:16] Number of sections: 12
INFO [2014-02-21 19:02:27] Finished DB: TENTWO - 3107787169
INFO [2014-02-21 19:02:27] -
INFO [2014-02-21 19:02:27] dbname-dbid: RAC81P-3846920754
INFO [2014-02-21 19:02:27] awr-hist-3846920754-RAC81P-289-1209.out
INFO [2014-02-21 19:02:27] File size (kb): 16545
INFO [2014-02-21 19:02:28] Number of sections: 12
INFO [2014-02-21 19:03:32] Num snap_id for IO_HIST: 919
INFO [2014-02-21 19:03:47] Finished DB: RAC81P - 3846920754
INFO [2014-02-21 19:03:47] -
INFO [2014-02-21 19:03:47] dbname-dbid: USPS-389926331
INFO [2014-02-21 19:03:47] awr-hist-389926331-USPS-775-985.out
INFO [2014-02-21 19:03:47] File size (kb): 5074
INFO [2014-02-21 19:03:48] Number of sections: 12
INFO [2014-02-21 19:04:12] Num snap_id for IO_HIST: 209
INFO [2014-02-21 19:04:19] Finished DB: USPS - 389926331
INFO [2014-02-21 19:04:19] -
INFO [2014-02-21 19:04:19] dbname-dbid: USPS-389926331
INFO [2014-02-21 19:04:19] awr-hist-389926331-USPS-775-985.out.gz
INFO [2014-02-21 19:04:19] File size (kb): 415
INFO [2014-02-21 19:04:20] Number of sections: 10
INFO [2014-02-21 19:04:40] Num snap_id for IO_HIST: 209
INFO [2014-02-21 19:04:45] Finished DB: USPS - 389926331
INFO [2014-02-21 21:22:05] 

--------------------------------------------------


INFO [2014-02-21 21:22:05] ** Starting AWR-Miner ** 
INFO [2014-02-21 21:22:05] Looking in this directory:
INFO [2014-02-21 21:22:05] M:/Dropbox/MyFiles/GitHub/AWR-Miner/source
INFO [2014-02-21 21:22:05] for files that match the pattern: ^awr-hist*.*(\.out|\.gz)$
INFO [2014-02-21 21:22:07] Files found (7): 
awr-hist-148658377-TWELVE1-1225-1320.out
awr-hist-148658377-TWELVE1-1225-1321.out
awr-hist-3005662858-CENSUS-9-458.out.gz
awr-hist-3107787169-TENTWO-251-330.out
awr-hist-3846920754-RAC81P-289-1209.out
awr-hist-389926331-USPS-775-985.out
awr-hist-389926331-USPS-775-985.out.gz

INFO [2014-02-21 21:22:07] -
INFO [2014-02-21 21:22:07] dbname-dbid: TWELVE1-148658377
INFO [2014-02-21 21:22:07] awr-hist-148658377-TWELVE1-1225-1320.out
INFO [2014-02-21 21:22:07] File size (kb): 676
INFO [2014-02-21 21:22:07] Number of sections: 12
INFO [2014-02-21 21:22:18] Num snap_id for IO_HIST: 95
INFO [2014-02-21 21:22:23] Finished DB: TWELVE1 - 148658377
INFO [2014-02-21 21:22:23] -
INFO [2014-02-21 21:22:23] dbname-dbid: TWELVE1-148658377
INFO [2014-02-21 21:22:23] awr-hist-148658377-TWELVE1-1225-1321.out
INFO [2014-02-21 21:22:23] File size (kb): 693
INFO [2014-02-21 21:22:24] Number of sections: 12
INFO [2014-02-21 21:22:34] Num snap_id for IO_HIST: 96
INFO [2014-02-21 21:22:39] Finished DB: TWELVE1 - 148658377
INFO [2014-02-21 21:22:39] -
INFO [2014-02-21 21:22:39] dbname-dbid: CENSUS-3005662858
INFO [2014-02-21 21:22:39] awr-hist-3005662858-CENSUS-9-458.out.gz
INFO [2014-02-21 21:22:39] File size (kb): 504
INFO [2014-02-21 21:22:40] Number of sections: 10
INFO [2014-02-21 21:23:04] Num snap_id for IO_HIST: 446
INFO [2014-02-21 21:23:11] Finished DB: CENSUS - 3005662858
INFO [2014-02-21 21:23:11] -
INFO [2014-02-21 21:23:11] dbname-dbid: TENTWO-3107787169
INFO [2014-02-21 21:23:11] awr-hist-3107787169-TENTWO-251-330.out
INFO [2014-02-21 21:23:11] File size (kb): 404
INFO [2014-02-21 21:23:11] Number of sections: 12
INFO [2014-02-21 21:23:22] Finished DB: TENTWO - 3107787169
INFO [2014-02-21 21:23:22] -
INFO [2014-02-21 21:23:22] dbname-dbid: RAC81P-3846920754
INFO [2014-02-21 21:23:22] awr-hist-3846920754-RAC81P-289-1209.out
INFO [2014-02-21 21:23:22] File size (kb): 16545
INFO [2014-02-21 21:23:23] Number of sections: 12
INFO [2014-02-21 21:24:17] 

--------------------------------------------------


INFO [2014-02-21 21:24:17] ** Starting AWR-Miner ** 
INFO [2014-02-21 21:24:17] Looking in this directory:
INFO [2014-02-21 21:24:17] M:/Dropbox/MyFiles/GitHub/AWR-Miner/source
INFO [2014-02-21 21:24:17] for files that match the pattern: ^awr-hist*.*(\.out|\.gz)$
INFO [2014-02-21 21:24:19] Files found (7): 
awr-hist-148658377-TWELVE1-1225-1320.out
awr-hist-148658377-TWELVE1-1225-1321.out
awr-hist-3005662858-CENSUS-9-458.out.gz
awr-hist-3107787169-TENTWO-251-330.out
awr-hist-3846920754-RAC81P-289-1209.out
awr-hist-389926331-USPS-775-985.out
awr-hist-389926331-USPS-775-985.out.gz

INFO [2014-02-21 21:24:19] -
INFO [2014-02-21 21:24:19] dbname-dbid: TWELVE1-148658377
INFO [2014-02-21 21:24:19] awr-hist-148658377-TWELVE1-1225-1320.out
INFO [2014-02-21 21:24:19] File size (kb): 676
INFO [2014-02-21 21:24:19] Number of sections: 12
INFO [2014-02-21 21:24:30] Num snap_id for IO_HIST: 95
INFO [2014-02-21 21:24:35] Finished DB: TWELVE1 - 148658377
INFO [2014-02-21 21:24:35] -
INFO [2014-02-21 21:24:35] dbname-dbid: TWELVE1-148658377
INFO [2014-02-21 21:24:35] awr-hist-148658377-TWELVE1-1225-1321.out
INFO [2014-02-21 21:24:35] File size (kb): 693
INFO [2014-02-21 21:24:35] Number of sections: 12
INFO [2014-02-21 21:24:46] Num snap_id for IO_HIST: 96
INFO [2014-02-21 21:24:51] Finished DB: TWELVE1 - 148658377
INFO [2014-02-21 21:24:51] -
INFO [2014-02-21 21:24:51] dbname-dbid: CENSUS-3005662858
INFO [2014-02-21 21:24:51] awr-hist-3005662858-CENSUS-9-458.out.gz
INFO [2014-02-21 21:24:51] File size (kb): 504
INFO [2014-02-21 21:24:51] Number of sections: 10
INFO [2014-02-21 21:25:16] Num snap_id for IO_HIST: 446
INFO [2014-02-21 21:25:23] Finished DB: CENSUS - 3005662858
INFO [2014-02-21 21:25:23] -
INFO [2014-02-21 21:25:23] dbname-dbid: TENTWO-3107787169
INFO [2014-02-21 21:25:23] awr-hist-3107787169-TENTWO-251-330.out
INFO [2014-02-21 21:25:23] File size (kb): 404
INFO [2014-02-21 21:25:23] Number of sections: 12
INFO [2014-02-21 21:25:34] Finished DB: TENTWO - 3107787169
INFO [2014-02-21 21:25:34] -
INFO [2014-02-21 21:25:34] dbname-dbid: RAC81P-3846920754
INFO [2014-02-21 21:25:34] awr-hist-3846920754-RAC81P-289-1209.out
INFO [2014-02-21 21:25:34] File size (kb): 16545
INFO [2014-02-21 21:25:35] Number of sections: 12
INFO [2014-02-21 21:26:42] Num snap_id for IO_HIST: 919
INFO [2014-02-21 21:26:58] Finished DB: RAC81P - 3846920754
INFO [2014-02-21 21:26:58] -
INFO [2014-02-21 21:26:58] dbname-dbid: USPS-389926331
INFO [2014-02-21 21:26:58] awr-hist-389926331-USPS-775-985.out
INFO [2014-02-21 21:26:58] File size (kb): 5074
INFO [2014-02-21 21:26:58] Number of sections: 12
INFO [2014-02-21 21:27:23] Num snap_id for IO_HIST: 209
INFO [2014-02-21 21:27:31] Finished DB: USPS - 389926331
INFO [2014-02-21 21:27:31] -
INFO [2014-02-21 21:27:31] dbname-dbid: USPS-389926331
INFO [2014-02-21 21:27:31] awr-hist-389926331-USPS-775-985.out.gz
INFO [2014-02-21 21:27:31] File size (kb): 415
INFO [2014-02-21 21:27:31] Number of sections: 10
INFO [2014-02-21 21:27:52] Num snap_id for IO_HIST: 209
INFO [2014-02-21 21:27:58] Finished DB: USPS - 389926331
INFO [2014-02-22 14:07:55] 

--------------------------------------------------


INFO [2014-02-22 14:07:55] ** Starting AWR-Miner ** 
INFO [2014-02-22 14:07:55] Looking in this directory:
INFO [2014-02-22 14:07:55] M:/Dropbox/MyFiles/GitHub/AWR-Miner/source
INFO [2014-02-22 14:07:55] for files that match the pattern: ^awr-hist*.*(\.out|\.gz)$
INFO [2014-02-22 14:07:57] Files found (7): 
awr-hist-148658377-TWELVE1-1225-1320.out
awr-hist-148658377-TWELVE1-1225-1321.out
awr-hist-3005662858-CENSUS-9-458.out.gz
awr-hist-3107787169-TENTWO-251-330.out
awr-hist-3846920754-RAC81P-289-1209.out
awr-hist-389926331-USPS-775-985.out
awr-hist-389926331-USPS-775-985.out.gz

INFO [2014-02-22 14:07:57] -
INFO [2014-02-22 14:07:57] dbname-dbid: TWELVE1-148658377
INFO [2014-02-22 14:07:57] awr-hist-148658377-TWELVE1-1225-1320.out
INFO [2014-02-22 14:07:57] File size (kb): 676
INFO [2014-02-22 14:07:57] Number of sections: 12
INFO [2014-02-22 14:08:11] Num snap_id for IO_HIST: 95
INFO [2014-02-22 14:08:18] Finished DB: TWELVE1 - 148658377
INFO [2014-02-22 14:08:18] -
INFO [2014-02-22 14:08:18] dbname-dbid: TWELVE1-148658377
INFO [2014-02-22 14:08:18] awr-hist-148658377-TWELVE1-1225-1321.out
INFO [2014-02-22 14:08:18] File size (kb): 693
INFO [2014-02-22 14:08:18] Number of sections: 12
INFO [2014-02-22 14:08:31] Num snap_id for IO_HIST: 96
INFO [2014-02-22 14:08:37] Finished DB: TWELVE1 - 148658377
INFO [2014-02-22 14:08:37] -
INFO [2014-02-22 14:08:37] dbname-dbid: CENSUS-3005662858
INFO [2014-02-22 14:08:37] awr-hist-3005662858-CENSUS-9-458.out.gz
INFO [2014-02-22 14:08:38] File size (kb): 504
INFO [2014-02-22 14:08:38] Number of sections: 10
INFO [2014-02-22 14:09:11] Num snap_id for IO_HIST: 446
INFO [2014-02-22 14:09:20] Finished DB: CENSUS - 3005662858
INFO [2014-02-22 14:09:20] -
INFO [2014-02-22 14:09:20] dbname-dbid: TENTWO-3107787169
INFO [2014-02-22 14:09:20] awr-hist-3107787169-TENTWO-251-330.out
INFO [2014-02-22 14:09:20] File size (kb): 404
INFO [2014-02-22 14:09:20] Number of sections: 12
INFO [2014-02-22 14:09:34] Finished DB: TENTWO - 3107787169
INFO [2014-02-22 14:09:34] -
INFO [2014-02-22 14:09:34] dbname-dbid: RAC81P-3846920754
INFO [2014-02-22 14:09:34] awr-hist-3846920754-RAC81P-289-1209.out
INFO [2014-02-22 14:09:34] File size (kb): 16545
INFO [2014-02-22 14:09:36] Number of sections: 12
INFO [2014-02-22 14:11:01] Num snap_id for IO_HIST: 919
INFO [2014-02-22 14:11:21] Finished DB: RAC81P - 3846920754
INFO [2014-02-22 14:11:21] -
INFO [2014-02-22 14:11:21] dbname-dbid: USPS-389926331
INFO [2014-02-22 14:11:21] awr-hist-389926331-USPS-775-985.out
INFO [2014-02-22 14:11:21] File size (kb): 5074
INFO [2014-02-22 14:11:21] Number of sections: 12
INFO [2014-02-22 14:11:53] Num snap_id for IO_HIST: 209
INFO [2014-02-22 14:12:02] Finished DB: USPS - 389926331
INFO [2014-02-22 14:12:02] -
INFO [2014-02-22 14:12:02] dbname-dbid: USPS-389926331
INFO [2014-02-22 14:12:02] awr-hist-389926331-USPS-775-985.out.gz
INFO [2014-02-22 14:12:02] File size (kb): 415
INFO [2014-02-22 14:12:03] Number of sections: 10
INFO [2014-02-22 14:12:28] Num snap_id for IO_HIST: 209
INFO [2014-02-22 14:12:35] Finished DB: USPS - 389926331
